News aktualisiert (7.12.2025, 14:48:20)
[2025-12-08T20:21:30.444Z] Job abgeschlossen.
[2025-12-08T20:21:30.444Z] News aktualisiert (8.12.2025, 21:20:00)
[2025-12-08T20:26:07.510Z] News aktualisiert (8.12.2025, 21:24:38)
[2025-12-08T20:26:07.510Z] Job abgeschlossen.
[2025-12-08T20:29:12.888Z] News aktualisiert (8.12.2025, 21:27:43)
[2025-12-08T20:29:12.889Z] Job abgeschlossen.
[2025-12-09T16:34:42.293Z] News aktualisiert (9.12.2025, 17:33:12)
[2025-12-09T16:34:42.293Z] Job abgeschlossen.
[2025-12-14T13:49:04.772Z] News aktualisiert (14.12.2025, 14:47:35)
[2025-12-14T13:49:04.773Z] Job abgeschlossen.
[2025-12-15T08:27:45.542Z] Job abgeschlossen.
[2025-12-15T08:27:45.542Z] News aktualisiert (15.12.2025, 09:26:16)
[2025-12-15T08:41:15.216Z] News aktualisiert (15.12.2025, 09:39:47)
[2025-12-15T08:41:15.216Z] Job abgeschlossen.
[2025-12-15T09:20:53.417Z] Job abgeschlossen.
[2025-12-15T09:20:53.417Z] News aktualisiert (15.12.2025, 10:19:24)
[2025-12-15T09:57:49.765Z] stderr: Feed fehlgeschlagen (Focus): Status code 404
[2025-12-15T09:57:49.765Z] News aktualisiert (15.12.2025, 10:49:30)
[2025-12-15T09:57:49.765Z] Job abgeschlossen.
[2026-01-10T09:00:08.640Z] News aktualisiert (10.1.2026, 10:00:08)
[2026-01-10T09:00:08.641Z] stderr: Feed fehlgeschlagen (Focus): Status code 404
[2026-01-10T09:00:08.641Z] Job abgeschlossen.
[2026-01-11T07:29:16.647Z] News aktualisiert (11.1.2026, 08:29:16)
[2026-01-11T07:29:16.647Z] stderr: Feed fehlgeschlagen (Focus): Status code 404
[2026-01-11T07:29:16.647Z] Job abgeschlossen.
[2026-01-11T09:00:44.566Z] News aktualisiert (11.1.2026, 10:00:44)
[2026-01-11T09:00:44.567Z] stderr: Feed fehlgeschlagen (Focus): Status code 404
[2026-01-11T09:00:44.567Z] Job abgeschlossen.
[2026-01-11T13:00:44.551Z] News aktualisiert (11.1.2026, 14:00:44)
[2026-01-11T13:00:44.551Z] stderr: Feed fehlgeschlagen (Focus): Status code 404
[2026-01-11T13:00:44.551Z] Job abgeschlossen.
[2026-01-11T17:00:45.506Z] News aktualisiert (11.1.2026, 18:00:45)
[2026-01-11T17:00:45.506Z] stderr: Feed fehlgeschlagen (Focus): Status code 404
[2026-01-11T17:00:45.506Z] Job abgeschlossen.
[2026-01-12T09:00:00.559Z] News aktualisiert (12.1.2026, 10:00:00)
[2026-01-12T09:00:00.559Z] stderr: Feed fehlgeschlagen (Focus): Status code 404
[2026-01-12T09:00:00.559Z] Job abgeschlossen.
[2026-01-12T09:00:04.026Z] News aktualisiert (12.1.2026, 10:00:04)
[2026-01-12T09:00:04.026Z] stderr: Feed fehlgeschlagen (Focus): Status code 404
[2026-01-12T09:00:04.026Z] Job abgeschlossen.
[2026-01-12T13:00:51.996Z] News aktualisiert (12.1.2026, 14:00:51)
[2026-01-12T13:00:51.996Z] stderr: Feed fehlgeschlagen (Focus): Status code 404
[2026-01-12T13:00:51.996Z] Job abgeschlossen.
[2026-01-12T17:00:51.943Z] News aktualisiert (12.1.2026, 18:00:51)
[2026-01-12T17:00:51.943Z] stderr: Feed fehlgeschlagen (Focus): Status code 404
[2026-01-12T17:00:51.943Z] Job abgeschlossen.
[2026-01-12T21:00:52.519Z] News aktualisiert (12.1.2026, 22:00:52)
[2026-01-12T21:00:52.520Z] stderr: Feed fehlgeschlagen (Focus): Status code 404
[2026-01-12T21:00:52.520Z] Job abgeschlossen.
[2026-01-13T05:00:52.302Z] News aktualisiert (13.1.2026, 06:00:52)
[2026-01-13T05:00:52.302Z] stderr: Feed fehlgeschlagen (Focus): Status code 404
[2026-01-13T05:00:52.302Z] Job abgeschlossen.
[2026-01-13T09:00:52.009Z] News aktualisiert (13.1.2026, 10:00:51)
[2026-01-13T09:00:52.009Z] stderr: Feed fehlgeschlagen (Focus): Status code 404
[2026-01-13T09:00:52.009Z] Job abgeschlossen.
[2026-01-13T13:00:52.160Z] News aktualisiert (13.1.2026, 14:00:52)
[2026-01-13T13:00:52.160Z] stderr: Feed fehlgeschlagen (Focus): Status code 404
[2026-01-13T13:00:52.161Z] Job abgeschlossen.
[2026-01-13T17:01:05.927Z] News aktualisiert (13.1.2026, 18:01:05)
[2026-01-13T17:01:05.928Z] stderr: Feed fehlgeschlagen (Focus): Status code 504
[2026-01-13T17:01:05.928Z] Job abgeschlossen.
[2026-01-13T21:00:52.833Z] News aktualisiert (13.1.2026, 22:00:52)
[2026-01-13T21:00:52.833Z] stderr: Feed fehlgeschlagen (Focus): Status code 404
[2026-01-13T21:00:52.833Z] Job abgeschlossen.
[2026-01-14T07:57:18.971Z] News aktualisiert (14.1.2026, 08:57:18)
[2026-01-14T07:57:18.971Z] stderr: Feed fehlgeschlagen (Focus): Status code 404
[2026-01-14T07:57:18.971Z] Job abgeschlossen.
[2026-01-14T09:00:43.497Z] News aktualisiert (14.1.2026, 10:00:43)
[2026-01-14T09:00:43.497Z] stderr: Feed fehlgeschlagen (Focus): Status code 404
[2026-01-14T09:00:43.497Z] Job abgeschlossen.
[2026-01-14T13:00:43.298Z] News aktualisiert (14.1.2026, 14:00:43)
[2026-01-14T13:00:43.298Z] stderr: Feed fehlgeschlagen (Focus): Status code 404
[2026-01-14T13:00:43.298Z] Job abgeschlossen.
[2026-01-14T17:00:44.131Z] News aktualisiert (14.1.2026, 18:00:44)
[2026-01-14T17:00:44.131Z] stderr: Feed fehlgeschlagen (Focus): Status code 404
[2026-01-14T17:00:44.131Z] Job abgeschlossen.
[2026-01-14T21:00:42.819Z] News aktualisiert (14.1.2026, 22:00:42)
[2026-01-14T21:00:42.819Z] stderr: Feed fehlgeschlagen (Focus): Status code 404
[2026-01-14T21:00:42.819Z] Job abgeschlossen.
[2026-01-15T05:00:46.334Z] News aktualisiert (15.1.2026, 06:00:46)
[2026-01-15T05:00:46.335Z] stderr: Feed fehlgeschlagen (ZEIT): getaddrinfo ENOTFOUND newsfeed.zeit.de
[2026-01-15T05:00:46.335Z] stderr: Feed fehlgeschlagen (SPIEGEL): getaddrinfo ENOTFOUND www.spiegel.de
[2026-01-15T05:00:46.335Z] stderr: Feed fehlgeschlagen (Sueddeutsche): getaddrinfo ENOTFOUND rss.sueddeutsche.de
[2026-01-15T05:00:46.335Z] stderr: Feed fehlgeschlagen (Handelsblatt): getaddrinfo ENOTFOUND www.handelsblatt.com
[2026-01-15T05:00:46.335Z] stderr: Warnung: wirtschaft liefert nur 0 Artikel.
[2026-01-15T05:00:46.335Z] stderr: Feed fehlgeschlagen (SPIEGEL): getaddrinfo ENOTFOUND www.spiegel.de
[2026-01-15T05:00:46.335Z] stderr: Feed fehlgeschlagen (Handelsblatt): getaddrinfo ENOTFOUND www.handelsblatt.com
[2026-01-15T05:00:46.335Z] stderr: Feed fehlgeschlagen (Focus): getaddrinfo ENOTFOUND www.focus.de
[2026-01-15T05:00:46.335Z] stderr: Warnung: politik liefert nur 0 Artikel.
[2026-01-15T05:00:46.335Z] stderr: Feed fehlgeschlagen (ZEIT): getaddrinfo ENOTFOUND newsfeed.zeit.de
[2026-01-15T05:00:46.335Z] stderr: Feed fehlgeschlagen (SPIEGEL): getaddrinfo ENOTFOUND www.spiegel.de
[2026-01-15T05:00:46.335Z] stderr: Feed fehlgeschlagen (Sueddeutsche): getaddrinfo ENOTFOUND rss.sueddeutsche.de
[2026-01-15T05:00:46.335Z] stderr: Feed fehlgeschlagen (Kicker): getaddrinfo ENOTFOUND newsfeed.kicker.de
[2026-01-15T05:00:46.335Z] stderr: Warnung: sport liefert nur 0 Artikel.
[2026-01-15T05:00:46.335Z] stderr: Feed fehlgeschlagen (c't): getaddrinfo ENOTFOUND www.heise.de
[2026-01-15T05:00:46.335Z] stderr: Feed fehlgeschlagen (heise): getaddrinfo ENOTFOUND www.heise.de
[2026-01-15T05:00:46.335Z] stderr: Warnung: edv liefert nur 0 Artikel.
[2026-01-15T05:00:46.335Z] Job abgeschlossen.
[2026-01-15T09:00:43.134Z] News aktualisiert (15.1.2026, 10:00:43)
[2026-01-15T09:00:43.135Z] stderr: Feed fehlgeschlagen (Focus): Status code 404
[2026-01-15T09:00:43.135Z] Job abgeschlossen.
[2026-01-15T13:00:46.335Z] News aktualisiert (15.1.2026, 14:00:46)
[2026-01-15T13:00:46.336Z] stderr: Feed fehlgeschlagen (ZEIT): getaddrinfo ENOTFOUND newsfeed.zeit.de
[2026-01-15T13:00:46.336Z] stderr: Feed fehlgeschlagen (SPIEGEL): getaddrinfo ENOTFOUND www.spiegel.de
[2026-01-15T13:00:46.336Z] stderr: Feed fehlgeschlagen (Sueddeutsche): getaddrinfo ENOTFOUND rss.sueddeutsche.de
[2026-01-15T13:00:46.336Z] stderr: Feed fehlgeschlagen (Handelsblatt): getaddrinfo ENOTFOUND www.handelsblatt.com
[2026-01-15T13:00:46.336Z] stderr: Warnung: wirtschaft liefert nur 0 Artikel.
[2026-01-15T13:00:46.336Z] stderr: Feed fehlgeschlagen (SPIEGEL): getaddrinfo ENOTFOUND www.spiegel.de
[2026-01-15T13:00:46.336Z] stderr: Feed fehlgeschlagen (Handelsblatt): getaddrinfo ENOTFOUND www.handelsblatt.com
[2026-01-15T13:00:46.336Z] stderr: Feed fehlgeschlagen (Focus): getaddrinfo ENOTFOUND www.focus.de
[2026-01-15T13:00:46.336Z] stderr: Warnung: politik liefert nur 0 Artikel.
[2026-01-15T13:00:46.336Z] stderr: Feed fehlgeschlagen (ZEIT): getaddrinfo ENOTFOUND newsfeed.zeit.de
[2026-01-15T13:00:46.336Z] stderr: Feed fehlgeschlagen (SPIEGEL): getaddrinfo ENOTFOUND www.spiegel.de
[2026-01-15T13:00:46.336Z] stderr: Feed fehlgeschlagen (Sueddeutsche): getaddrinfo ENOTFOUND rss.sueddeutsche.de
[2026-01-15T13:00:46.336Z] stderr: Feed fehlgeschlagen (Kicker): getaddrinfo ENOTFOUND newsfeed.kicker.de
[2026-01-15T13:00:46.336Z] stderr: Warnung: sport liefert nur 0 Artikel.
[2026-01-15T13:00:46.336Z] stderr: Feed fehlgeschlagen (c't): getaddrinfo ENOTFOUND www.heise.de
[2026-01-15T13:00:46.336Z] stderr: Feed fehlgeschlagen (heise): getaddrinfo ENOTFOUND www.heise.de
[2026-01-15T13:00:46.336Z] stderr: Warnung: edv liefert nur 0 Artikel.
[2026-01-15T13:00:46.336Z] Job abgeschlossen.
[2026-01-15T17:00:40.415Z] News aktualisiert (15.1.2026, 18:00:40)
[2026-01-15T17:00:40.415Z] stderr: Feed fehlgeschlagen (Focus): Status code 404
[2026-01-15T17:00:40.415Z] Job abgeschlossen.
[2026-01-15T21:00:10.579Z] News aktualisiert (15.1.2026, 22:00:10)
[2026-01-15T21:00:10.579Z] stderr: Feed fehlgeschlagen (Focus): Status code 404
[2026-01-15T21:00:10.579Z] Job abgeschlossen.
[2026-01-16T07:41:42.539Z] News aktualisiert (16.1.2026, 08:41:42)
[2026-01-16T07:41:42.540Z] stderr: Feed fehlgeschlagen (Focus): Status code 404
[2026-01-16T07:41:42.540Z] Job abgeschlossen.
[2026-01-16T09:00:41.810Z] News aktualisiert (16.1.2026, 10:00:41)
[2026-01-16T09:00:41.810Z] stderr: Feed fehlgeschlagen (Focus): Status code 404
[2026-01-16T09:00:41.810Z] Job abgeschlossen.
[2026-01-16T13:00:39.841Z] News aktualisiert (16.1.2026, 14:00:39)
[2026-01-16T13:00:39.841Z] stderr: Feed fehlgeschlagen (Focus): Status code 404
[2026-01-16T13:00:39.841Z] Job abgeschlossen.
[2026-01-16T17:00:40.259Z] News aktualisiert (16.1.2026, 18:00:40)
[2026-01-16T17:00:40.259Z] stderr: Feed fehlgeschlagen (Focus): Status code 404
[2026-01-16T17:00:40.259Z] Job abgeschlossen.
[2026-01-17T10:13:34.818Z] News aktualisiert (17.1.2026, 11:13:34)
[2026-01-17T10:13:34.818Z] stderr: Feed fehlgeschlagen (ZEIT): getaddrinfo ENOTFOUND newsfeed.zeit.de
[2026-01-17T10:13:34.818Z] stderr: Feed fehlgeschlagen (SPIEGEL): getaddrinfo ENOTFOUND www.spiegel.de
[2026-01-17T10:13:34.818Z] stderr: Feed fehlgeschlagen (Handelsblatt): getaddrinfo ENOTFOUND www.handelsblatt.com
[2026-01-17T10:13:34.818Z] stderr: Warnung: wirtschaft liefert nur 0 Artikel.
[2026-01-17T10:13:34.818Z] stderr: Feed fehlgeschlagen (Sueddeutsche): getaddrinfo ENOTFOUND rss.sueddeutsche.de
[2026-01-17T10:13:34.818Z] stderr: Feed fehlgeschlagen (SPIEGEL): getaddrinfo ENOTFOUND www.spiegel.de
[2026-01-17T10:13:34.818Z] stderr: Feed fehlgeschlagen (Handelsblatt): getaddrinfo ENOTFOUND www.handelsblatt.com
[2026-01-17T10:13:34.818Z] stderr: Feed fehlgeschlagen (Focus): Status code 404
[2026-01-17T10:13:34.818Z] stderr: Warnung: politik liefert nur 0 Artikel.
[2026-01-17T10:13:34.818Z] Job abgeschlossen.
[2026-01-18T09:29:00.586Z] News aktualisiert (18.1.2026, 10:29:00)
[2026-01-18T09:29:00.586Z] stderr: Feed fehlgeschlagen (Focus): Status code 404
[2026-01-18T09:29:00.586Z] Job abgeschlossen.
[2026-01-18T15:27:01.843Z] News aktualisiert (18.1.2026, 16:27:01)
[2026-01-18T15:27:01.844Z] stderr: Feed fehlgeschlagen (ZEIT): getaddrinfo ENOTFOUND newsfeed.zeit.de
[2026-01-18T15:27:01.844Z] stderr: Feed fehlgeschlagen (SPIEGEL): getaddrinfo ENOTFOUND www.spiegel.de
[2026-01-18T15:27:01.844Z] stderr: Feed fehlgeschlagen (Sueddeutsche): getaddrinfo ENOTFOUND rss.sueddeutsche.de
[2026-01-18T15:27:01.844Z] stderr: Feed fehlgeschlagen (Handelsblatt): getaddrinfo ENOTFOUND www.handelsblatt.com
[2026-01-18T15:27:01.844Z] stderr: Warnung: wirtschaft liefert nur 0 Artikel.
[2026-01-18T15:27:01.844Z] stderr: Feed fehlgeschlagen (SPIEGEL): getaddrinfo ENOTFOUND www.spiegel.de
[2026-01-18T15:27:01.844Z] stderr: Feed fehlgeschlagen (Focus): Status code 404
[2026-01-18T15:27:01.844Z] Job abgeschlossen.
[2026-01-18T19:28:35.604Z] News aktualisiert (18.1.2026, 20:28:35)
[2026-01-18T19:28:35.605Z] stderr: Feed fehlgeschlagen (ZEIT): getaddrinfo ENOTFOUND newsfeed.zeit.de
[2026-01-18T19:28:35.605Z] stderr: Feed fehlgeschlagen (SPIEGEL): getaddrinfo ENOTFOUND www.spiegel.de
[2026-01-18T19:28:35.605Z] stderr: Feed fehlgeschlagen (Sueddeutsche): getaddrinfo ENOTFOUND rss.sueddeutsche.de
[2026-01-18T19:28:35.605Z] stderr: Feed fehlgeschlagen (Handelsblatt): getaddrinfo ENOTFOUND www.handelsblatt.com
[2026-01-18T19:28:35.605Z] stderr: Warnung: wirtschaft liefert nur 0 Artikel.
[2026-01-18T19:28:35.605Z] stderr: Feed fehlgeschlagen (SPIEGEL): getaddrinfo ENOTFOUND www.spiegel.de
[2026-01-18T19:28:35.605Z] stderr: Feed fehlgeschlagen (Handelsblatt): getaddrinfo ENOTFOUND www.handelsblatt.com
[2026-01-18T19:28:35.605Z] stderr: Feed fehlgeschlagen (Focus): Status code 404
[2026-01-18T19:28:35.605Z] stderr: Warnung: politik liefert nur 0 Artikel.
[2026-01-18T19:28:35.605Z] Job abgeschlossen.
[2026-01-19T08:36:00.738Z] News aktualisiert (19.1.2026, 09:36:00)
[2026-01-19T08:36:00.739Z] stderr: Feed fehlgeschlagen (Focus): Status code 404
[2026-01-19T08:36:00.739Z] Job abgeschlossen.
[2026-01-19T09:00:16.800Z] News aktualisiert (19.1.2026, 10:00:16)
[2026-01-19T09:00:16.800Z] stderr: Feed fehlgeschlagen (Focus): Status code 404
[2026-01-19T09:00:16.800Z] Job abgeschlossen.
[2026-01-19T13:00:16.705Z] News aktualisiert (19.1.2026, 14:00:16)
[2026-01-19T13:00:16.705Z] stderr: Feed fehlgeschlagen (Focus): Status code 404
[2026-01-19T13:00:16.705Z] Job abgeschlossen.
[2026-01-19T17:00:16.817Z] News aktualisiert (19.1.2026, 18:00:16)
[2026-01-19T17:00:16.817Z] stderr: Feed fehlgeschlagen (Focus): Status code 404
[2026-01-19T17:00:16.817Z] Job abgeschlossen.
[2026-01-19T21:00:17.334Z] News aktualisiert (19.1.2026, 22:00:17)
[2026-01-19T21:00:17.335Z] stderr: Feed fehlgeschlagen (Focus): Status code 404
[2026-01-19T21:00:17.335Z] Job abgeschlossen.
[2026-01-20T05:00:22.806Z] News aktualisiert (20.1.2026, 06:00:22)
[2026-01-20T05:00:22.807Z] stderr: Feed fehlgeschlagen (ZEIT): getaddrinfo ENOTFOUND newsfeed.zeit.de
[2026-01-20T05:00:22.807Z] stderr: Feed fehlgeschlagen (SPIEGEL): getaddrinfo ENOTFOUND www.spiegel.de
[2026-01-20T05:00:22.807Z] stderr: Feed fehlgeschlagen (Sueddeutsche): getaddrinfo ENOTFOUND rss.sueddeutsche.de
[2026-01-20T05:00:22.807Z] stderr: Feed fehlgeschlagen (Handelsblatt): getaddrinfo ENOTFOUND www.handelsblatt.com
[2026-01-20T05:00:22.807Z] stderr: Warnung: wirtschaft liefert nur 0 Artikel.
[2026-01-20T05:00:22.807Z] stderr: Feed fehlgeschlagen (SPIEGEL): getaddrinfo ENOTFOUND www.spiegel.de
[2026-01-20T05:00:22.807Z] stderr: Feed fehlgeschlagen (Handelsblatt): getaddrinfo ENOTFOUND www.handelsblatt.com
[2026-01-20T05:00:22.807Z] stderr: Feed fehlgeschlagen (Focus): getaddrinfo ENOTFOUND www.focus.de
[2026-01-20T05:00:22.807Z] stderr: Warnung: politik liefert nur 0 Artikel.
[2026-01-20T05:00:22.807Z] stderr: Feed fehlgeschlagen (ZEIT): getaddrinfo ENOTFOUND newsfeed.zeit.de
[2026-01-20T05:00:22.807Z] stderr: Feed fehlgeschlagen (SPIEGEL): getaddrinfo ENOTFOUND www.spiegel.de
[2026-01-20T05:00:22.807Z] stderr: Feed fehlgeschlagen (Sueddeutsche): getaddrinfo ENOTFOUND rss.sueddeutsche.de
[2026-01-20T05:00:22.807Z] stderr: Feed fehlgeschlagen (Kicker): getaddrinfo ENOTFOUND newsfeed.kicker.de
[2026-01-20T05:00:22.807Z] stderr: Warnung: sport liefert nur 0 Artikel.
[2026-01-20T05:00:22.807Z] stderr: Feed fehlgeschlagen (c't): getaddrinfo ENOTFOUND www.heise.de
[2026-01-20T05:00:22.807Z] stderr: Feed fehlgeschlagen (heise): getaddrinfo ENOTFOUND www.heise.de
[2026-01-20T05:00:22.807Z] stderr: Warnung: edv liefert nur 0 Artikel.
[2026-01-20T05:00:22.807Z] Job abgeschlossen.
[2026-01-20T09:00:17.834Z] News aktualisiert (20.1.2026, 10:00:17)
[2026-01-20T09:00:17.835Z] stderr: Feed fehlgeschlagen (Focus): Status code 404
[2026-01-20T09:00:17.835Z] Job abgeschlossen.
[2026-01-20T14:08:50.084Z] News aktualisiert (20.1.2026, 15:08:50)
[2026-01-20T14:08:50.084Z] stderr: Feed fehlgeschlagen (ZEIT): getaddrinfo ENOTFOUND newsfeed.zeit.de
[2026-01-20T14:08:50.084Z] stderr: Feed fehlgeschlagen (SPIEGEL): getaddrinfo ENOTFOUND www.spiegel.de
[2026-01-20T14:08:50.084Z] stderr: Feed fehlgeschlagen (Sueddeutsche): getaddrinfo ENOTFOUND rss.sueddeutsche.de
[2026-01-20T14:08:50.084Z] stderr: Feed fehlgeschlagen (Handelsblatt): getaddrinfo ENOTFOUND www.handelsblatt.com
[2026-01-20T14:08:50.084Z] stderr: Warnung: wirtschaft liefert nur 0 Artikel.
[2026-01-20T14:08:50.084Z] stderr: Feed fehlgeschlagen (SPIEGEL): getaddrinfo ENOTFOUND www.spiegel.de
[2026-01-20T14:08:50.084Z] stderr: Feed fehlgeschlagen (Handelsblatt): getaddrinfo ENOTFOUND www.handelsblatt.com
[2026-01-20T14:08:50.084Z] stderr: Feed fehlgeschlagen (Focus): getaddrinfo ENOTFOUND www.focus.de
[2026-01-20T14:08:50.084Z] stderr: Warnung: politik liefert nur 0 Artikel.
[2026-01-20T14:08:50.084Z] stderr: Feed fehlgeschlagen (ZEIT): getaddrinfo ENOTFOUND newsfeed.zeit.de
[2026-01-20T14:08:50.084Z] Job abgeschlossen.
[2026-01-20T17:00:17.675Z] News aktualisiert (20.1.2026, 18:00:17)
[2026-01-20T17:00:17.675Z] stderr: Feed fehlgeschlagen (Focus): Status code 404
[2026-01-20T17:00:17.675Z] Job abgeschlossen.
[2026-01-20T21:00:17.602Z] News aktualisiert (20.1.2026, 22:00:17)
[2026-01-20T21:00:17.602Z] stderr: Feed fehlgeschlagen (Focus): Status code 404
[2026-01-20T21:00:17.602Z] Job abgeschlossen.
[2026-01-21T10:30:21.697Z] News aktualisiert (21.1.2026, 11:30:21)
[2026-01-21T10:30:21.697Z] stderr: Feed fehlgeschlagen (Focus): Status code 404
[2026-01-21T10:30:21.697Z] Job abgeschlossen.
[2026-01-21T13:00:26.677Z] News aktualisiert (21.1.2026, 14:00:26)
[2026-01-21T13:00:26.677Z] stderr: Feed fehlgeschlagen (Focus): Status code 404
[2026-01-21T13:00:26.677Z] Job abgeschlossen.
[2026-01-21T17:00:27.172Z] News aktualisiert (21.1.2026, 18:00:27)
[2026-01-21T17:00:27.173Z] stderr: Feed fehlgeschlagen (Focus): Status code 404
[2026-01-21T17:00:27.173Z] Job abgeschlossen.
[2026-01-21T21:00:25.917Z] News aktualisiert (21.1.2026, 22:00:25)
[2026-01-21T21:00:25.918Z] stderr: Feed fehlgeschlagen (Focus): Status code 404
[2026-01-21T21:00:25.918Z] Job abgeschlossen.
[2026-01-22T05:00:31.629Z] News aktualisiert (22.1.2026, 06:00:31)
[2026-01-22T05:00:31.629Z] stderr: Feed fehlgeschlagen (ZEIT): getaddrinfo ENOTFOUND newsfeed.zeit.de
[2026-01-22T05:00:31.629Z] stderr: Feed fehlgeschlagen (SPIEGEL): getaddrinfo ENOTFOUND www.spiegel.de
[2026-01-22T05:00:31.629Z] stderr: Feed fehlgeschlagen (Sueddeutsche): getaddrinfo ENOTFOUND rss.sueddeutsche.de
[2026-01-22T05:00:31.629Z] stderr: Feed fehlgeschlagen (Handelsblatt): getaddrinfo ENOTFOUND www.handelsblatt.com
[2026-01-22T05:00:31.630Z] stderr: Warnung: wirtschaft liefert nur 0 Artikel.
[2026-01-22T05:00:31.630Z] stderr: Feed fehlgeschlagen (SPIEGEL): getaddrinfo ENOTFOUND www.spiegel.de
[2026-01-22T05:00:31.630Z] stderr: Feed fehlgeschlagen (Handelsblatt): getaddrinfo ENOTFOUND www.handelsblatt.com
[2026-01-22T05:00:31.630Z] stderr: Feed fehlgeschlagen (Focus): getaddrinfo ENOTFOUND www.focus.de
[2026-01-22T05:00:31.630Z] stderr: Warnung: politik liefert nur 0 Artikel.
[2026-01-22T05:00:31.630Z] stderr: Feed fehlgeschlagen (ZEIT): getaddrinfo ENOTFOUND newsfeed.zeit.de
[2026-01-22T05:00:31.630Z] stderr: Feed fehlgeschlagen (SPIEGEL): getaddrinfo ENOTFOUND www.spiegel.de
[2026-01-22T05:00:31.630Z] stderr: Feed fehlgeschlagen (Sueddeutsche): getaddrinfo ENOTFOUND rss.sueddeutsche.de
[2026-01-22T05:00:31.630Z] stderr: Feed fehlgeschlagen (Kicker): getaddrinfo ENOTFOUND newsfeed.kicker.de
[2026-01-22T05:00:31.630Z] stderr: Warnung: sport liefert nur 0 Artikel.
[2026-01-22T05:00:31.630Z] stderr: Feed fehlgeschlagen (c't): getaddrinfo ENOTFOUND www.heise.de
[2026-01-22T05:00:31.630Z] stderr: Feed fehlgeschlagen (heise): getaddrinfo ENOTFOUND www.heise.de
[2026-01-22T05:00:31.630Z] stderr: Warnung: edv liefert nur 0 Artikel.
[2026-01-22T05:00:31.630Z] Job abgeschlossen.
[2026-01-22T09:00:25.965Z] News aktualisiert (22.1.2026, 10:00:25)
[2026-01-22T09:00:25.965Z] stderr: Feed fehlgeschlagen (Focus): Status code 404
[2026-01-22T09:00:25.965Z] Job abgeschlossen.
[2026-01-22T13:00:25.935Z] News aktualisiert (22.1.2026, 14:00:25)
[2026-01-22T13:00:25.935Z] stderr: Feed fehlgeschlagen (Focus): Status code 404
[2026-01-22T13:00:25.935Z] Job abgeschlossen.
