Geschichte aktualisiert (6 Lernkarten + 5 On-this-day-Einträge, 5 Artikelquellen).
Geschichte aktualisiert (5 kuratierte Artikel, geplant täglich um 10:00 Uhr).
[2025-12-08T20:29:12.930Z] Geschichte aktualisiert (5 kuratierte Artikel, geplant täglich um 10:00 Uhr).
[2025-12-08T20:29:12.930Z] Job abgeschlossen.
[2025-12-09T16:34:42.333Z] stderr:     at pickArticles (file:///Users/rp/Documents/projekte/nachrichten/update-history.js:207:11)
[2025-12-09T16:34:42.333Z] stderr: Geschichte-Update fehlgeschlagen Error: Nur 4 ungenutzte Ereignisse verfügbar, aber 5 erforderlich. Bitte neue Artikel ergänzen oder das History-Log zurücksetzen.
[2025-12-09T16:34:42.333Z] Fehler: Command failed: /opt/homebrew/Cellar/node/24.7.0/bin/node /Users/rp/Documents/projekte/nachrichten/update-history.js
Geschichte-Update fehlgeschlagen Error: Nur 4 ungenutzte Ereignisse verfügbar, aber 5 erforderlich. Bitte neue Artikel ergänzen oder das History-Log zurücksetzen.
    at pickArticles (file:///Users/rp/Documents/projekte/nachrichten/update-history.js:207:11)
    at main (file:///Users/rp/Documents/projekte/nachrichten/update-history.js:254:20)

[2025-12-09T16:34:42.333Z] stderr:     at main (file:///Users/rp/Documents/projekte/nachrichten/update-history.js:254:20)
[2025-12-14T13:49:04.814Z] Geschichte aktualisiert (5 kuratierte Artikel).
[2025-12-14T13:49:04.814Z] stderr: History-Pool erschöpft: entferne 5 ältere IDs aus dem Log, damit frische Artikel zur Verfügung stehen.
[2025-12-14T13:49:04.814Z] Job abgeschlossen.
[2025-12-15T08:27:45.583Z] Geschichte aktualisiert (5 kuratierte Artikel).
[2025-12-15T08:27:45.583Z] stderr: History-Pool erschöpft: entferne 5 ältere IDs aus dem Log, damit frische Artikel zur Verfügung stehen.
[2025-12-15T08:27:45.583Z] Job abgeschlossen.
[2025-12-15T08:41:15.258Z] Geschichte aktualisiert (5 kuratierte Artikel).
[2025-12-15T08:41:15.258Z] Job abgeschlossen.
[2025-12-15T08:41:15.258Z] stderr: History-Pool erschöpft: entferne 5 ältere IDs aus dem Log, damit frische Artikel zur Verfügung stehen.
[2025-12-15T09:20:53.460Z] Geschichte aktualisiert (5 kuratierte Artikel).
[2025-12-15T09:20:53.460Z] stderr: History-Pool erschöpft: entferne 5 ältere IDs aus dem Log, damit frische Artikel zur Verfügung stehen.
[2025-12-15T09:20:53.460Z] Job abgeschlossen.
[2025-12-15T09:57:49.868Z] Geschichte aktualisiert (5 kuratierte Artikel).
[2025-12-15T09:57:49.868Z] stderr: History-Pool erschöpft: entferne 5 ältere IDs aus dem Log, damit frische Artikel zur Verfügung stehen.
[2025-12-15T09:57:49.868Z] Job abgeschlossen.
[2026-01-10T09:05:04.796Z] Geschichte aktualisiert (5 kuratierte Artikel).
[2026-01-10T09:05:04.796Z] stderr: History-Pool erschöpft: entferne 5 ältere IDs aus dem Log, damit frische Artikel zur Verfügung stehen.
[2026-01-10T09:05:04.796Z] Job abgeschlossen.
[2026-01-11T09:05:41.314Z] stderr: Geschichte-Update fehlgeschlagen Error: Nur 0 unverbrauchte Ereignisse verfügbar, aber 5 erforderlich. Bitte neue Artikel ergänzen, damit keine Wiederholungen nötig sind.
[2026-01-11T09:05:41.315Z] stderr:     at pickArticles (file:///home/rp/Dokumente/projekte/nachrichten/update-history.js:658:11)
[2026-01-11T09:05:41.315Z] stderr:     at main (file:///home/rp/Dokumente/projekte/nachrichten/update-history.js:693:20)
[2026-01-11T09:05:41.315Z] Fehler: Command failed: /usr/bin/node /home/rp/Dokumente/projekte/nachrichten/update-history.js
Geschichte-Update fehlgeschlagen Error: Nur 0 unverbrauchte Ereignisse verfügbar, aber 5 erforderlich. Bitte neue Artikel ergänzen, damit keine Wiederholungen nötig sind.
    at pickArticles (file:///home/rp/Dokumente/projekte/nachrichten/update-history.js:658:11)
    at main (file:///home/rp/Dokumente/projekte/nachrichten/update-history.js:693:20)

[2026-01-12T09:05:01.217Z] Geschichte aktualisiert (5 kuratierte Artikel).
[2026-01-12T09:05:01.217Z] Job abgeschlossen.
[2026-01-13T09:05:48.364Z] Geschichte aktualisiert (5 kuratierte Artikel).
[2026-01-13T09:05:48.364Z] Job abgeschlossen.
[2026-01-14T09:05:36.481Z] Geschichte aktualisiert (5 kuratierte Artikel).
[2026-01-14T09:05:36.481Z] Job abgeschlossen.
[2026-01-15T09:05:36.478Z] Geschichte aktualisiert (5 kuratierte Artikel).
[2026-01-15T09:05:36.479Z] Job abgeschlossen.
[2026-01-16T09:05:36.242Z] Geschichte aktualisiert (5 kuratierte Artikel).
[2026-01-16T09:05:36.242Z] Job abgeschlossen.
[2026-01-17T10:13:27.786Z] stderr: Geschichte-Update fehlgeschlagen Error: Nur 0 unverbrauchte Ereignisse verfügbar, aber 5 erforderlich. Bitte neue Artikel ergänzen, damit keine Wiederholungen nötig sind.
[2026-01-17T10:13:27.786Z] stderr:     at historyShortageError (file:///home/rp/Dokumente/projekte/nachrichten/update-history.js:616:17)
[2026-01-17T10:13:27.786Z] stderr:     at main (file:///home/rp/Dokumente/projekte/nachrichten/update-history.js:704:11) {
[2026-01-17T10:13:27.786Z] stderr:   code: 'HISTORY_POOL_EMPTY'
[2026-01-17T10:13:27.786Z] stderr: }
[2026-01-17T10:13:27.786Z] Fehler: Command failed: /usr/bin/node /home/rp/Dokumente/projekte/nachrichten/update-history.js
Geschichte-Update fehlgeschlagen Error: Nur 0 unverbrauchte Ereignisse verfügbar, aber 5 erforderlich. Bitte neue Artikel ergänzen, damit keine Wiederholungen nötig sind.
    at historyShortageError (file:///home/rp/Dokumente/projekte/nachrichten/update-history.js:616:17)
    at main (file:///home/rp/Dokumente/projekte/nachrichten/update-history.js:704:11) {
  code: 'HISTORY_POOL_EMPTY'
}

[2026-01-18T09:28:56.564Z] stderr:     at main (file:///home/rp/Dokumente/projekte/nachrichten/update-history.js:704:11) {
[2026-01-18T09:28:56.564Z] stderr: Geschichte-Update fehlgeschlagen Error: Nur 0 unverbrauchte Ereignisse verfügbar, aber 5 erforderlich. Bitte neue Artikel ergänzen, damit keine Wiederholungen nötig sind.
[2026-01-18T09:28:56.564Z] stderr:   code: 'HISTORY_POOL_EMPTY'
[2026-01-18T09:28:56.564Z] Fehler: Command failed: /usr/bin/node /home/rp/Dokumente/projekte/nachrichten/update-history.js
Geschichte-Update fehlgeschlagen Error: Nur 0 unverbrauchte Ereignisse verfügbar, aber 5 erforderlich. Bitte neue Artikel ergänzen, damit keine Wiederholungen nötig sind.
    at historyShortageError (file:///home/rp/Dokumente/projekte/nachrichten/update-history.js:616:17)
    at main (file:///home/rp/Dokumente/projekte/nachrichten/update-history.js:704:11) {
  code: 'HISTORY_POOL_EMPTY'
}

[2026-01-18T09:28:56.564Z] stderr: }
[2026-01-18T09:28:56.564Z] stderr:     at historyShortageError (file:///home/rp/Dokumente/projekte/nachrichten/update-history.js:616:17)
[2026-01-19T09:05:12.956Z] stderr: Geschichte-Update fehlgeschlagen Error: Nur 0 unverbrauchte Ereignisse verfügbar, aber 5 erforderlich. Bitte neue Artikel ergänzen, damit keine Wiederholungen nötig sind.
[2026-01-19T09:05:12.956Z] stderr:     at historyShortageError (file:///home/rp/Dokumente/projekte/nachrichten/update-history.js:616:17)
[2026-01-19T09:05:12.956Z] stderr:     at main (file:///home/rp/Dokumente/projekte/nachrichten/update-history.js:704:11) {
[2026-01-19T09:05:12.956Z] stderr:   code: 'HISTORY_POOL_EMPTY'
[2026-01-19T09:05:12.956Z] stderr: }
[2026-01-19T09:05:12.956Z] Fehler: Command failed: /usr/bin/node /home/rp/Dokumente/projekte/nachrichten/update-history.js
Geschichte-Update fehlgeschlagen Error: Nur 0 unverbrauchte Ereignisse verfügbar, aber 5 erforderlich. Bitte neue Artikel ergänzen, damit keine Wiederholungen nötig sind.
    at historyShortageError (file:///home/rp/Dokumente/projekte/nachrichten/update-history.js:616:17)
    at main (file:///home/rp/Dokumente/projekte/nachrichten/update-history.js:704:11) {
  code: 'HISTORY_POOL_EMPTY'
}

[2026-01-20T09:05:12.940Z] stderr: Geschichte-Update fehlgeschlagen Error: Nur 0 unverbrauchte Ereignisse verfügbar, aber 5 erforderlich. Bitte neue Artikel ergänzen, damit keine Wiederholungen nötig sind.
[2026-01-20T09:05:12.941Z] stderr:     at historyShortageError (file:///home/rp/Dokumente/projekte/nachrichten/update-history.js:616:17)
[2026-01-20T09:05:12.941Z] stderr:     at main (file:///home/rp/Dokumente/projekte/nachrichten/update-history.js:704:11) {
[2026-01-20T09:05:12.941Z] stderr:   code: 'HISTORY_POOL_EMPTY'
[2026-01-20T09:05:12.941Z] stderr: }
[2026-01-20T09:05:12.941Z] Fehler: Command failed: /usr/bin/node /home/rp/Dokumente/projekte/nachrichten/update-history.js
Geschichte-Update fehlgeschlagen Error: Nur 0 unverbrauchte Ereignisse verfügbar, aber 5 erforderlich. Bitte neue Artikel ergänzen, damit keine Wiederholungen nötig sind.
    at historyShortageError (file:///home/rp/Dokumente/projekte/nachrichten/update-history.js:616:17)
    at main (file:///home/rp/Dokumente/projekte/nachrichten/update-history.js:704:11) {
  code: 'HISTORY_POOL_EMPTY'
}

[2026-01-21T10:30:16.692Z] stderr:     at historyShortageError (file:///home/rp/Dokumente/projekte/nachrichten/update-history.js:616:17)
[2026-01-21T10:30:16.692Z] stderr: Geschichte-Update fehlgeschlagen Error: Nur 0 unverbrauchte Ereignisse verfügbar, aber 5 erforderlich. Bitte neue Artikel ergänzen, damit keine Wiederholungen nötig sind.
[2026-01-21T10:30:16.692Z] stderr:   code: 'HISTORY_POOL_EMPTY'
[2026-01-21T10:30:16.692Z] stderr:     at main (file:///home/rp/Dokumente/projekte/nachrichten/update-history.js:704:11) {
[2026-01-21T10:30:16.692Z] stderr: }
[2026-01-21T10:30:16.692Z] Fehler: Command failed: /usr/bin/node /home/rp/Dokumente/projekte/nachrichten/update-history.js
Geschichte-Update fehlgeschlagen Error: Nur 0 unverbrauchte Ereignisse verfügbar, aber 5 erforderlich. Bitte neue Artikel ergänzen, damit keine Wiederholungen nötig sind.
    at historyShortageError (file:///home/rp/Dokumente/projekte/nachrichten/update-history.js:616:17)
    at main (file:///home/rp/Dokumente/projekte/nachrichten/update-history.js:704:11) {
  code: 'HISTORY_POOL_EMPTY'
}

[2026-01-22T09:05:21.761Z] stderr: Geschichte-Update fehlgeschlagen Error: Nur 0 unverbrauchte Ereignisse verfügbar, aber 5 erforderlich. Bitte neue Artikel ergänzen, damit keine Wiederholungen nötig sind.
[2026-01-22T09:05:21.761Z] stderr:     at historyShortageError (file:///home/rp/Dokumente/projekte/nachrichten/update-history.js:616:17)
[2026-01-22T09:05:21.761Z] stderr:     at main (file:///home/rp/Dokumente/projekte/nachrichten/update-history.js:704:11) {
[2026-01-22T09:05:21.761Z] stderr:   code: 'HISTORY_POOL_EMPTY'
[2026-01-22T09:05:21.761Z] stderr: }
[2026-01-22T09:05:21.761Z] Fehler: Command failed: /usr/bin/node /home/rp/Dokumente/projekte/nachrichten/update-history.js
Geschichte-Update fehlgeschlagen Error: Nur 0 unverbrauchte Ereignisse verfügbar, aber 5 erforderlich. Bitte neue Artikel ergänzen, damit keine Wiederholungen nötig sind.
    at historyShortageError (file:///home/rp/Dokumente/projekte/nachrichten/update-history.js:616:17)
    at main (file:///home/rp/Dokumente/projekte/nachrichten/update-history.js:704:11) {
  code: 'HISTORY_POOL_EMPTY'
}

[2026-01-23T09:05:20.928Z] stderr: Geschichte-Update fehlgeschlagen Error: Nur 0 unverbrauchte Ereignisse verfügbar, aber 5 erforderlich. Bitte neue Artikel ergänzen, damit keine Wiederholungen nötig sind.
[2026-01-23T09:05:20.929Z] stderr:     at historyShortageError (file:///home/rp/Dokumente/projekte/nachrichten/update-history.js:616:17)
[2026-01-23T09:05:20.929Z] stderr:     at main (file:///home/rp/Dokumente/projekte/nachrichten/update-history.js:704:11) {
[2026-01-23T09:05:20.929Z] stderr:   code: 'HISTORY_POOL_EMPTY'
[2026-01-23T09:05:20.929Z] stderr: }
[2026-01-23T09:05:20.929Z] Fehler: Command failed: /usr/bin/node /home/rp/Dokumente/projekte/nachrichten/update-history.js
Geschichte-Update fehlgeschlagen Error: Nur 0 unverbrauchte Ereignisse verfügbar, aber 5 erforderlich. Bitte neue Artikel ergänzen, damit keine Wiederholungen nötig sind.
    at historyShortageError (file:///home/rp/Dokumente/projekte/nachrichten/update-history.js:616:17)
    at main (file:///home/rp/Dokumente/projekte/nachrichten/update-history.js:704:11) {
  code: 'HISTORY_POOL_EMPTY'
}

[2026-01-24T09:05:21.770Z] stderr: Geschichte-Update fehlgeschlagen Error: Nur 0 unverbrauchte Ereignisse verfügbar, aber 5 erforderlich. Bitte neue Artikel ergänzen, damit keine Wiederholungen nötig sind.
[2026-01-24T09:05:21.770Z] stderr:     at historyShortageError (file:///home/rp/Dokumente/projekte/nachrichten/update-history.js:616:17)
[2026-01-24T09:05:21.770Z] stderr:     at main (file:///home/rp/Dokumente/projekte/nachrichten/update-history.js:704:11) {
[2026-01-24T09:05:21.770Z] stderr:   code: 'HISTORY_POOL_EMPTY'
[2026-01-24T09:05:21.770Z] stderr: }
[2026-01-24T09:05:21.770Z] Fehler: Command failed: /usr/bin/node /home/rp/Dokumente/projekte/nachrichten/update-history.js
Geschichte-Update fehlgeschlagen Error: Nur 0 unverbrauchte Ereignisse verfügbar, aber 5 erforderlich. Bitte neue Artikel ergänzen, damit keine Wiederholungen nötig sind.
    at historyShortageError (file:///home/rp/Dokumente/projekte/nachrichten/update-history.js:616:17)
    at main (file:///home/rp/Dokumente/projekte/nachrichten/update-history.js:704:11) {
  code: 'HISTORY_POOL_EMPTY'
}

[2026-01-25T09:05:16.751Z] stderr: Geschichte-Update fehlgeschlagen Error: Nur 0 unverbrauchte Ereignisse verfügbar, aber 5 erforderlich. Bitte neue Artikel ergänzen, damit keine Wiederholungen nötig sind.
[2026-01-25T09:05:16.751Z] stderr:     at historyShortageError (file:///home/rp/Dokumente/projekte/nachrichten/update-history.js:616:17)
[2026-01-25T09:05:16.751Z] stderr:     at main (file:///home/rp/Dokumente/projekte/nachrichten/update-history.js:704:11) {
[2026-01-25T09:05:16.751Z] stderr:   code: 'HISTORY_POOL_EMPTY'
[2026-01-25T09:05:16.751Z] stderr: }
[2026-01-25T09:05:16.751Z] Fehler: Command failed: /usr/bin/node /home/rp/Dokumente/projekte/nachrichten/update-history.js
Geschichte-Update fehlgeschlagen Error: Nur 0 unverbrauchte Ereignisse verfügbar, aber 5 erforderlich. Bitte neue Artikel ergänzen, damit keine Wiederholungen nötig sind.
    at historyShortageError (file:///home/rp/Dokumente/projekte/nachrichten/update-history.js:616:17)
    at main (file:///home/rp/Dokumente/projekte/nachrichten/update-history.js:704:11) {
  code: 'HISTORY_POOL_EMPTY'
}

[2026-01-26T09:05:29.120Z] stderr:     at historyShortageError (file:///home/rp/Dokumente/projekte/nachrichten/update-history.js:616:17)
[2026-01-26T09:05:29.119Z] stderr: Geschichte-Update fehlgeschlagen Error: Nur 0 unverbrauchte Ereignisse verfügbar, aber 5 erforderlich. Bitte neue Artikel ergänzen, damit keine Wiederholungen nötig sind.
[2026-01-26T09:05:29.120Z] stderr:     at main (file:///home/rp/Dokumente/projekte/nachrichten/update-history.js:704:11) {
[2026-01-26T09:05:29.120Z] stderr: }
[2026-01-26T09:05:29.120Z] stderr:   code: 'HISTORY_POOL_EMPTY'
[2026-01-26T09:05:29.120Z] Fehler: Command failed: /usr/bin/node /home/rp/Dokumente/projekte/nachrichten/update-history.js
Geschichte-Update fehlgeschlagen Error: Nur 0 unverbrauchte Ereignisse verfügbar, aber 5 erforderlich. Bitte neue Artikel ergänzen, damit keine Wiederholungen nötig sind.
    at historyShortageError (file:///home/rp/Dokumente/projekte/nachrichten/update-history.js:616:17)
    at main (file:///home/rp/Dokumente/projekte/nachrichten/update-history.js:704:11) {
  code: 'HISTORY_POOL_EMPTY'
}

[2026-01-27T13:13:52.646Z] stderr: Geschichte-Update fehlgeschlagen Error: Nur 0 unverbrauchte Ereignisse verfügbar, aber 5 erforderlich. Bitte neue Artikel ergänzen, damit keine Wiederholungen nötig sind.
[2026-01-27T13:13:52.646Z] stderr:     at historyShortageError (file:///home/rp/Dokumente/projekte/nachrichten/update-history.js:616:17)
[2026-01-27T13:13:52.646Z] stderr:     at main (file:///home/rp/Dokumente/projekte/nachrichten/update-history.js:704:11) {
[2026-01-27T13:13:52.646Z] stderr:   code: 'HISTORY_POOL_EMPTY'
[2026-01-27T13:13:52.646Z] stderr: }
[2026-01-27T13:13:52.646Z] Fehler: Command failed: /usr/bin/node /home/rp/Dokumente/projekte/nachrichten/update-history.js
Geschichte-Update fehlgeschlagen Error: Nur 0 unverbrauchte Ereignisse verfügbar, aber 5 erforderlich. Bitte neue Artikel ergänzen, damit keine Wiederholungen nötig sind.
    at historyShortageError (file:///home/rp/Dokumente/projekte/nachrichten/update-history.js:616:17)
    at main (file:///home/rp/Dokumente/projekte/nachrichten/update-history.js:704:11) {
  code: 'HISTORY_POOL_EMPTY'
}

[2026-01-28T10:15:47.792Z] stderr: Geschichte-Update fehlgeschlagen Error: Nur 0 unverbrauchte Ereignisse verfügbar, aber 5 erforderlich. Bitte neue Artikel ergänzen, damit keine Wiederholungen nötig sind.
[2026-01-28T10:15:47.792Z] stderr:     at historyShortageError (file:///home/rp/Dokumente/projekte/nachrichten/update-history.js:616:17)
[2026-01-28T10:15:47.792Z] stderr:     at main (file:///home/rp/Dokumente/projekte/nachrichten/update-history.js:704:11) {
[2026-01-28T10:15:47.792Z] stderr:   code: 'HISTORY_POOL_EMPTY'
[2026-01-28T10:15:47.792Z] stderr: }
[2026-01-28T10:15:47.792Z] Fehler: Command failed: /usr/bin/node /home/rp/Dokumente/projekte/nachrichten/update-history.js
Geschichte-Update fehlgeschlagen Error: Nur 0 unverbrauchte Ereignisse verfügbar, aber 5 erforderlich. Bitte neue Artikel ergänzen, damit keine Wiederholungen nötig sind.
    at historyShortageError (file:///home/rp/Dokumente/projekte/nachrichten/update-history.js:616:17)
    at main (file:///home/rp/Dokumente/projekte/nachrichten/update-history.js:704:11) {
  code: 'HISTORY_POOL_EMPTY'
}

[2026-01-29T09:06:52.991Z] stderr: Geschichte-Update fehlgeschlagen Error: Nur 0 unverbrauchte Ereignisse verfügbar, aber 5 erforderlich. Bitte neue Artikel ergänzen, damit keine Wiederholungen nötig sind.
[2026-01-29T09:06:52.993Z] stderr:     at historyShortageError (file:///home/rp/Dokumente/projekte/nachrichten/update-history.js:616:17)
[2026-01-29T09:06:52.993Z] stderr:     at main (file:///home/rp/Dokumente/projekte/nachrichten/update-history.js:704:11) {
[2026-01-29T09:06:52.993Z] stderr:   code: 'HISTORY_POOL_EMPTY'
[2026-01-29T09:06:52.993Z] stderr: }
[2026-01-29T09:06:52.993Z] Fehler: Command failed: /usr/bin/node /home/rp/Dokumente/projekte/nachrichten/update-history.js
Geschichte-Update fehlgeschlagen Error: Nur 0 unverbrauchte Ereignisse verfügbar, aber 5 erforderlich. Bitte neue Artikel ergänzen, damit keine Wiederholungen nötig sind.
    at historyShortageError (file:///home/rp/Dokumente/projekte/nachrichten/update-history.js:616:17)
    at main (file:///home/rp/Dokumente/projekte/nachrichten/update-history.js:704:11) {
  code: 'HISTORY_POOL_EMPTY'
}

[2026-01-30T09:05:36.452Z] stderr: Geschichte-Update fehlgeschlagen Error: Nur 0 unverbrauchte Ereignisse verfügbar, aber 5 erforderlich. Bitte neue Artikel ergänzen, damit keine Wiederholungen nötig sind.
[2026-01-30T09:05:36.453Z] stderr:     at historyShortageError (file:///home/rp/Dokumente/projekte/nachrichten/update-history.js:616:17)
[2026-01-30T09:05:36.453Z] stderr:     at main (file:///home/rp/Dokumente/projekte/nachrichten/update-history.js:704:11) {
[2026-01-30T09:05:36.453Z] stderr:   code: 'HISTORY_POOL_EMPTY'
[2026-01-30T09:05:36.453Z] stderr: }
[2026-01-30T09:05:36.453Z] Fehler: Command failed: /usr/bin/node /home/rp/Dokumente/projekte/nachrichten/update-history.js
Geschichte-Update fehlgeschlagen Error: Nur 0 unverbrauchte Ereignisse verfügbar, aber 5 erforderlich. Bitte neue Artikel ergänzen, damit keine Wiederholungen nötig sind.
    at historyShortageError (file:///home/rp/Dokumente/projekte/nachrichten/update-history.js:616:17)
    at main (file:///home/rp/Dokumente/projekte/nachrichten/update-history.js:704:11) {
  code: 'HISTORY_POOL_EMPTY'
}

[2026-01-31T16:06:33.822Z] stderr: Geschichte-Update fehlgeschlagen Error: Nur 0 unverbrauchte Ereignisse verfügbar, aber 5 erforderlich. Bitte neue Artikel ergänzen, damit keine Wiederholungen nötig sind.
[2026-01-31T16:06:33.822Z] stderr:     at historyShortageError (file:///home/rp/Dokumente/projekte/nachrichten/update-history.js:616:17)
[2026-01-31T16:06:33.822Z] stderr:     at main (file:///home/rp/Dokumente/projekte/nachrichten/update-history.js:704:11) {
[2026-01-31T16:06:33.822Z] stderr:   code: 'HISTORY_POOL_EMPTY'
[2026-01-31T16:06:33.822Z] stderr: }
[2026-01-31T16:06:33.822Z] Fehler: Command failed: /usr/bin/node /home/rp/Dokumente/projekte/nachrichten/update-history.js
Geschichte-Update fehlgeschlagen Error: Nur 0 unverbrauchte Ereignisse verfügbar, aber 5 erforderlich. Bitte neue Artikel ergänzen, damit keine Wiederholungen nötig sind.
    at historyShortageError (file:///home/rp/Dokumente/projekte/nachrichten/update-history.js:616:17)
    at main (file:///home/rp/Dokumente/projekte/nachrichten/update-history.js:704:11) {
  code: 'HISTORY_POOL_EMPTY'
}

[2026-02-01T11:18:11.778Z] stderr: Geschichte-Update fehlgeschlagen Error: Nur 1 unverbrauchte Ereignisse verfügbar, aber 5 erforderlich. Bitte neue Artikel ergänzen, damit keine Wiederholungen nötig sind.
[2026-02-01T11:18:11.778Z] stderr:     at historyShortageError (file:///home/rp/Dokumente/projekte/nachrichten/update-history.js:718:17)
[2026-02-01T11:18:11.778Z] stderr:     at main (file:///home/rp/Dokumente/projekte/nachrichten/update-history.js:806:11) {
[2026-02-01T11:18:11.778Z] stderr:   code: 'HISTORY_POOL_EMPTY'
[2026-02-01T11:18:11.778Z] Fehler: Command failed: /usr/bin/node /home/rp/Dokumente/projekte/nachrichten/update-history.js
Geschichte-Update fehlgeschlagen Error: Nur 1 unverbrauchte Ereignisse verfügbar, aber 5 erforderlich. Bitte neue Artikel ergänzen, damit keine Wiederholungen nötig sind.
    at historyShortageError (file:///home/rp/Dokumente/projekte/nachrichten/update-history.js:718:17)
    at main (file:///home/rp/Dokumente/projekte/nachrichten/update-history.js:806:11) {
  code: 'HISTORY_POOL_EMPTY'
}

[2026-02-01T11:18:11.778Z] stderr: }
